<?xml version="1.0" encoding="UTF-8"?>
<testsuite name="com.zippy.mockcourier.quickexpress.QuickExpressControllerTest" tests="2" skipped="0" failures="0" errors="0" timestamp="2026-07-23T13:54:21" hostname="RAKSHAN-LEGION" time="0.382">
  <properties/>
  <testcase name="shouldCreateQuickExpressBooking()" classname="com.zippy.mockcourier.quickexpress.QuickExpressControllerTest" time="0.331"/>
  <testcase name="shouldReturnQuickExpressRate()" classname="com.zippy.mockcourier.quickexpress.QuickExpressControllerTest" time="0.047"/>
  <system-out><![CDATA[19:24:17.032 [Test worker] INFO org.springframework.test.context.support.AnnotationConfigContextLoaderUtils -- Could not detect default configuration classes for test class [com.zippy.mockcourier.quickexpress.QuickExpressControllerTest]: QuickExpressControllerTest does not declare any static, non-private, non-final, nested classes annotated with @Configuration.
19:24:17.220 [Test worker] INFO org.springframework.boot.test.context.SpringBootTestContextBootstrapper -- Found @SpringBootConfiguration com.zippy.mockcourier.MockCourierApplication for test class com.zippy.mockcourier.quickexpress.QuickExpressControllerTest
  .   ____          _            __ _ _
 /\\ / ___'_ __ _ _(_)_ __  __ _ \ \ \ \
( ( )\___ | '_ | '_| | '_ \/ _` | \ \ \ \
 \\/  ___)| |_)| | | | | || (_| |  ) ) ) )
  '  |____| .__|_| |_|_| |_\__, | / / / /
 =========|_|==============|___/=/_/_/_/

 :: Spring Boot ::                (v3.3.0)

2026-07-23T19:24:17.851+05:30  INFO 17560 --- [mock-courier-service] [    Test worker] c.z.m.q.QuickExpressControllerTest       : Starting QuickExpressControllerTest using Java 21.0.9 with PID 17560 (started by Rakshan in C:\Projects\Logistics Platform\mock-courier-service)
2026-07-23T19:24:17.853+05:30  INFO 17560 --- [mock-courier-service] [    Test worker] c.z.m.q.QuickExpressControllerTest       : No active profile set, falling back to 1 default profile: "default"
2026-07-23T19:24:21.522+05:30  INFO 17560 --- [mock-courier-service] [    Test worker] o.s.b.t.m.w.SpringBootMockServletContext : Initializing Spring TestDispatcherServlet ''
2026-07-23T19:24:21.523+05:30  INFO 17560 --- [mock-courier-service] [    Test worker] o.s.t.web.servlet.TestDispatcherServlet  : Initializing Servlet ''
2026-07-23T19:24:21.528+05:30  INFO 17560 --- [mock-courier-service] [    Test worker] o.s.t.web.servlet.TestDispatcherServlet  : Completed initialization in 3 ms
2026-07-23T19:24:21.701+05:30  INFO 17560 --- [mock-courier-service] [    Test worker] c.z.m.q.QuickExpressControllerTest       : Started QuickExpressControllerTest in 4.361 seconds (process running for 5.837)
]]></system-out>
  <system-err><![CDATA[WARNING: A Java agent has been loaded dynamically (C:\Users\Rakshan\.gradle\caches\modules-2\files-2.1\net.bytebuddy\byte-buddy-agent\1.14.16\4a451ee6484abac3a498df0f3b33ed00a6fced4d\byte-buddy-agent-1.14.16.jar)
WARNING: If a serviceability tool is in use, please run with -XX:+EnableDynamicAgentLoading to hide this warning
WARNING: If a serviceability tool is not in use, please run with -Djdk.instrument.traceUsage for more information
WARNING: Dynamic loading of agents will be disallowed by default in a future release
]]></system-err>
</testsuite>
