<?xml version="1.0" encoding="UTF-8"?>
<testsuite name="com.zippy.mockcourier.reliable.ReliableCourierControllerTest" tests="2" skipped="0" failures="0" errors="0" timestamp="2026-07-23T13:54:22" hostname="RAKSHAN-LEGION" time="0.087">
  <properties/>
  <testcase name="shouldReturnReliableCourierShippingOptions()" classname="com.zippy.mockcourier.reliable.ReliableCourierControllerTest" time="0.054"/>
  <testcase name="shouldCreateReliableCourierOrderOnPut()" classname="com.zippy.mockcourier.reliable.ReliableCourierControllerTest" time="0.03"/>
  <system-out><![CDATA[2026-07-23T19:24:22.118+05:30  INFO 17560 --- [mock-courier-service] [    Test worker] t.c.s.AnnotationConfigContextLoaderUtils : Could not detect default configuration classes for test class [com.zippy.mockcourier.reliable.ReliableCourierControllerTest]: ReliableCourierControllerTest does not declare any static, non-private, non-final, nested classes annotated with @Configuration.
2026-07-23T19:24:22.156+05:30  INFO 17560 --- [mock-courier-service] [    Test worker] .b.t.c.SpringBootTestContextBootstrapper : Found @SpringBootConfiguration com.zippy.mockcourier.MockCourierApplication for test class com.zippy.mockcourier.reliable.ReliableCourierControllerTest
  .   ____          _            __ _ _
 /\\ / ___'_ __ _ _(_)_ __  __ _ \ \ \ \
( ( )\___ | '_ | '_| | '_ \/ _` | \ \ \ \
 \\/  ___)| |_)| | | | | || (_| |  ) ) ) )
  '  |____| .__|_| |_|_| |_\__, | / / / /
 =========|_|==============|___/=/_/_/_/

 :: Spring Boot ::                (v3.3.0)

2026-07-23T19:24:22.209+05:30  INFO 17560 --- [mock-courier-service] [    Test worker] c.z.m.r.ReliableCourierControllerTest    : Starting ReliableCourierControllerTest using Java 21.0.9 with PID 17560 (started by Rakshan in C:\Projects\Logistics Platform\mock-courier-service)
2026-07-23T19:24:22.209+05:30  INFO 17560 --- [mock-courier-service] [    Test worker] c.z.m.r.ReliableCourierControllerTest    : No active profile set, falling back to 1 default profile: "default"
2026-07-23T19:24:22.550+05:30  INFO 17560 --- [mock-courier-service] [    Test worker] o.s.b.t.m.w.SpringBootMockServletContext : Initializing Spring TestDispatcherServlet ''
2026-07-23T19:24:22.550+05:30  INFO 17560 --- [mock-courier-service] [    Test worker] o.s.t.web.servlet.TestDispatcherServlet  : Initializing Servlet ''
2026-07-23T19:24:22.551+05:30  INFO 17560 --- [mock-courier-service] [    Test worker] o.s.t.web.servlet.TestDispatcherServlet  : Completed initialization in 1 ms
2026-07-23T19:24:22.560+05:30  INFO 17560 --- [mock-courier-service] [    Test worker] c.z.m.r.ReliableCourierControllerTest    : Started ReliableCourierControllerTest in 0.398 seconds (process running for 6.696)
]]></system-out>
  <system-err><![CDATA[]]></system-err>
</testsuite>
